{"/Users/krishna/Krishna/POC/RSVP/src/components/LoadingSpinner.tsx": {"path":"/Users/krishna/Krishna/POC/RSVP/src/components/LoadingSpinner.tsx","statementMap":{"0":{"start":{"line":18,"column":31},"end":{"line":21,"column":3}},"1":{"start":{"line":24,"column":4},"end":{"line":24,"column":32}},"2":{"start":{"line":28,"column":28},"end":{"line":28,"column":38}},"3":{"start":{"line":29,"column":4},"end":{"line":31,"column":5}},"4":{"start":{"line":30,"column":6},"end":{"line":30,"column":18}},"5":{"start":{"line":33,"column":4},"end":{"line":47,"column":6}},"6":{"start":{"line":53,"column":15},"end":{"line":84,"column":2}}},"fnMap":{"0":{"name":"(anonymous_0)","decl":{"start":{"line":23,"column":2},"end":{"line":23,"column":3}},"loc":{"start":{"line":23,"column":18},"end":{"line":25,"column":3}},"line":23},"1":{"name":"(anonymous_1)","decl":{"start":{"line":27,"column":2},"end":{"line":27,"column":3}},"loc":{"start":{"line":27,"column":25},"end":{"line":48,"column":3}},"line":27}},"branchMap":{"0":{"loc":{"start":{"line":29,"column":4},"end":{"line":31,"column":5}},"type":"if","locations":[{"start":{"line":29,"column":4},"end":{"line":31,"column":5}},{"start":{"line":29,"column":4},"end":{"line":31,"column":5}}],"line":29},"1":{"loc":{"start":{"line":39,"column":20},"end":{"line":39,"column":41}},"type":"cond-expr","locations":[{"start":{"line":39,"column":27},"end":{"line":39,"column":31}},{"start":{"line":39,"column":34},"end":{"line":39,"column":41}}],"line":39},"2":{"loc":{"start":{"line":41,"column":13},"end":{"line":43,"column":13}},"type":"binary-expr","locations":[{"start":{"line":41,"column":13},"end":{"line":41,"column":38}},{"start":{"line":42,"column":14},"end":{"line":42,"column":66}}],"line":41},"3":{"loc":{"start":{"line":75,"column":18},"end":{"line":75,"column":52}},"type":"cond-expr","locations":[{"start":{"line":75,"column":46},"end":{"line":75,"column":47}},{"start":{"line":75,"column":50},"end":{"line":75,"column":52}}],"line":75}},"s":{"0":2,"1":2,"2":2,"3":2,"4":2,"5":0,"6":2},"f":{"0":2,"1":2},"b":{"0":[2,0],"1":[0,0],"2":[0,0],"3":[0,2]},"_coverageSchema":"43e27e138ebf9cfc5966b082cf9a028302ed4184","hash":"8c4d6c3b4591835eb16baafe7e3184c85a5612a7"}
,"/Users/krishna/Krishna/POC/RSVP/src/components/ParticipantList.tsx": {"path":"/Users/krishna/Krishna/POC/RSVP/src/components/ParticipantList.tsx","statementMap":{"0":{"start":{"line":14,"column":4},"end":{"line":14,"column":66}},"1":{"start":{"line":18,"column":39},"end":{"line":18,"column":49}},"2":{"start":{"line":19,"column":4},"end":{"line":28,"column":6}},"3":{"start":{"line":31,"column":23},"end":{"line":44,"column":3}},"4":{"start":{"line":32,"column":26},"end":{"line":32,"column":30}},"5":{"start":{"line":33,"column":20},"end":{"line":33,"column":48}},"6":{"start":{"line":33,"column":26},"end":{"line":33,"column":48}},"7":{"start":{"line":34,"column":4},"end":{"line":43,"column":6}},"8":{"start":{"line":46,"column":25},"end":{"line":46,"column":71}},"9":{"start":{"line":46,"column":55},"end":{"line":46,"column":71}},"10":{"start":{"line":48,"column":24},"end":{"line":50,"column":3}},"11":{"start":{"line":49,"column":4},"end":{"line":49,"column":33}}},"fnMap":{"0":{"name":"(anonymous_0)","decl":{"start":{"line":13,"column":2},"end":{"line":13,"column":3}},"loc":{"start":{"line":13,"column":31},"end":{"line":15,"column":3}},"line":13},"1":{"name":"(anonymous_1)","decl":{"start":{"line":17,"column":2},"end":{"line":17,"column":3}},"loc":{"start":{"line":17,"column":27},"end":{"line":29,"column":3}},"line":17},"2":{"name":"(anonymous_2)","decl":{"start":{"line":31,"column":23},"end":{"line":31,"column":24}},"loc":{"start":{"line":31,"column":58},"end":{"line":44,"column":3}},"line":31},"3":{"name":"(anonymous_3)","decl":{"start":{"line":33,"column":20},"end":{"line":33,"column":21}},"loc":{"start":{"line":33,"column":26},"end":{"line":33,"column":48}},"line":33},"4":{"name":"(anonymous_4)","decl":{"start":{"line":46,"column":25},"end":{"line":46,"column":26}},"loc":{"start":{"line":46,"column":55},"end":{"line":46,"column":71}},"line":46},"5":{"name":"(anonymous_5)","decl":{"start":{"line":48,"column":24},"end":{"line":48,"column":25}},"loc":{"start":{"line":48,"column":39},"end":{"line":50,"column":3}},"line":48}},"branchMap":{},"s":{"0":2,"1":2,"2":2,"3":2,"4":0,"5":0,"6":0,"7":0,"8":2,"9":0,"10":2,"11":0},"f":{"0":2,"1":2,"2":0,"3":0,"4":0,"5":0},"b":{},"_coverageSchema":"43e27e138ebf9cfc5966b082cf9a028302ed4184","hash":"6b83569c23e0e319d7fb6ab9c65d9af1296bacc9"}
,"/Users/krishna/Krishna/POC/RSVP/src/components/SearchBar.tsx": {"path":"/Users/krishna/Krishna/POC/RSVP/src/components/SearchBar.tsx","statementMap":{"0":{"start":{"line":12,"column":35},"end":{"line":12,"column":45}},"1":{"start":{"line":13,"column":4},"end":{"line":21,"column":6}}},"fnMap":{"0":{"name":"(anonymous_0)","decl":{"start":{"line":11,"column":2},"end":{"line":11,"column":3}},"loc":{"start":{"line":11,"column":31},"end":{"line":22,"column":3}},"line":11}},"branchMap":{},"s":{"0":2,"1":2},"f":{"0":2},"b":{},"_coverageSchema":"43e27e138ebf9cfc5966b082cf9a028302ed4184","hash":"30e528fd40dcf9944571abd9785f61a8414a680b"}
,"/Users/krishna/Krishna/POC/RSVP/src/components/TextInput.tsx": {"path":"/Users/krishna/Krishna/POC/RSVP/src/components/TextInput.tsx","statementMap":{"0":{"start":{"line":18,"column":51},"end":{"line":18,"column":61}},"1":{"start":{"line":19,"column":4},"end":{"line":27,"column":6}},"2":{"start":{"line":33,"column":15},"end":{"line":53,"column":2}}},"fnMap":{"0":{"name":"(anonymous_0)","decl":{"start":{"line":17,"column":2},"end":{"line":17,"column":3}},"loc":{"start":{"line":17,"column":11},"end":{"line":28,"column":3}},"line":17}},"branchMap":{"0":{"loc":{"start":{"line":21,"column":9},"end":{"line":21,"column":79}},"type":"binary-expr","locations":[{"start":{"line":21,"column":9},"end":{"line":21,"column":14}},{"start":{"line":21,"column":18},"end":{"line":21,"column":34}},{"start":{"line":21,"column":38},"end":{"line":21,"column":79}}],"line":21},"1":{"loc":{"start":{"line":23,"column":9},"end":{"line":25,"column":16}},"type":"cond-expr","locations":[{"start":{"line":24,"column":10},"end":{"line":24,"column":62}},{"start":{"line":25,"column":12},"end":{"line":25,"column":16}}],"line":23},"2":{"loc":{"start":{"line":23,"column":9},"end":{"line":23,"column":48}},"type":"binary-expr","locations":[{"start":{"line":23,"column":9},"end":{"line":23,"column":21}},{"start":{"line":23,"column":25},"end":{"line":23,"column":48}}],"line":23}},"s":{"0":8,"1":8,"2":4},"f":{"0":8},"b":{"0":[8,5,5],"1":[0,8],"2":[8,0]},"_coverageSchema":"43e27e138ebf9cfc5966b082cf9a028302ed4184","hash":"1732132816a2894e3ceed5446fd8200bf9cfca1e"}
,"/Users/krishna/Krishna/POC/RSVP/src/components/listItem/ParticipantListItem.tsx": {"path":"/Users/krishna/Krishna/POC/RSVP/src/components/listItem/ParticipantListItem.tsx","statementMap":{"0":{"start":{"line":17,"column":45},"end":{"line":17,"column":55}},"1":{"start":{"line":18,"column":4},"end":{"line":43,"column":6}},"2":{"start":{"line":49,"column":15},"end":{"line":69,"column":2}}},"fnMap":{"0":{"name":"(anonymous_0)","decl":{"start":{"line":16,"column":2},"end":{"line":16,"column":3}},"loc":{"start":{"line":16,"column":31},"end":{"line":44,"column":3}},"line":16}},"branchMap":{"0":{"loc":{"start":{"line":25,"column":14},"end":{"line":25,"column":75}},"type":"cond-expr","locations":[{"start":{"line":25,"column":32},"end":{"line":25,"column":50}},{"start":{"line":25,"column":53},"end":{"line":25,"column":75}}],"line":25}},"s":{"0":1,"1":1,"2":3},"f":{"0":1},"b":{"0":[1,0]},"_coverageSchema":"43e27e138ebf9cfc5966b082cf9a028302ed4184","hash":"43ff06edbfa2f0ae3e0a1a28fa5883e4692b7540"}
,"/Users/krishna/Krishna/POC/RSVP/src/screens/AddParticipantScreen.tsx": {"path":"/Users/krishna/Krishna/POC/RSVP/src/screens/AddParticipantScreen.tsx","statementMap":{"0":{"start":{"line":34,"column":21},"end":{"line":41,"column":1}},"1":{"start":{"line":47,"column":17},"end":{"line":56,"column":3}},"2":{"start":{"line":68,"column":8},"end":{"line":68,"column":18}},"3":{"start":{"line":69,"column":25},"end":{"line":69,"column":77}},"4":{"start":{"line":69,"column":44},"end":{"line":69,"column":77}},"5":{"start":{"line":70,"column":24},"end":{"line":70,"column":75}},"6":{"start":{"line":70,"column":43},"end":{"line":70,"column":75}},"7":{"start":{"line":71,"column":25},"end":{"line":71,"column":77}},"8":{"start":{"line":71,"column":44},"end":{"line":71,"column":77}},"9":{"start":{"line":72,"column":29},"end":{"line":73,"column":43}},"10":{"start":{"line":73,"column":6},"end":{"line":73,"column":43}},"11":{"start":{"line":74,"column":34},"end":{"line":75,"column":48}},"12":{"start":{"line":75,"column":6},"end":{"line":75,"column":48}},"13":{"start":{"line":76,"column":28},"end":{"line":77,"column":46}},"14":{"start":{"line":77,"column":6},"end":{"line":77,"column":46}},"15":{"start":{"line":78,"column":4},"end":{"line":157,"column":6}},"16":{"start":{"line":160,"column":18},"end":{"line":174,"column":3}},"17":{"start":{"line":161,"column":21},"end":{"line":161,"column":31}},"18":{"start":{"line":162,"column":4},"end":{"line":164,"column":5}},"19":{"start":{"line":163,"column":6},"end":{"line":163,"column":13}},"20":{"start":{"line":167,"column":4},"end":{"line":173,"column":7}},"21":{"start":{"line":176,"column":18},"end":{"line":210,"column":3}},"22":{"start":{"line":177,"column":64},"end":{"line":177,"column":74}},"23":{"start":{"line":178,"column":44},"end":{"line":178,"column":62}},"24":{"start":{"line":179,"column":4},"end":{"line":182,"column":5}},"25":{"start":{"line":180,"column":6},"end":{"line":180,"column":75}},"26":{"start":{"line":181,"column":6},"end":{"line":181,"column":13}},"27":{"start":{"line":183,"column":4},"end":{"line":183,"column":25}},"28":{"start":{"line":185,"column":4},"end":{"line":208,"column":13}},"29":{"start":{"line":186,"column":19},"end":{"line":194,"column":7}},"30":{"start":{"line":195,"column":31},"end":{"line":195,"column":33}},"31":{"start":{"line":196,"column":24},"end":{"line":198,"column":7}},"32":{"start":{"line":199,"column":6},"end":{"line":204,"column":7}},"33":{"start":{"line":200,"column":8},"end":{"line":200,"column":24}},"34":{"start":{"line":201,"column":8},"end":{"line":201,"column":44}},"35":{"start":{"line":203,"column":8},"end":{"line":203,"column":24}},"36":{"start":{"line":205,"column":6},"end":{"line":205,"column":79}},"37":{"start":{"line":206,"column":6},"end":{"line":206,"column":27}},"38":{"start":{"line":207,"column":6},"end":{"line":207,"column":26}},"39":{"start":{"line":212,"column":17},"end":{"line":221,"column":3}},"40":{"start":{"line":213,"column":4},"end":{"line":220,"column":7}},"41":{"start":{"line":223,"column":18},"end":{"line":226,"column":3}},"42":{"start":{"line":224,"column":22},"end":{"line":224,"column":32}},"43":{"start":{"line":225,"column":4},"end":{"line":225,"column":39}},"44":{"start":{"line":228,"column":16},"end":{"line":263,"column":3}},"45":{"start":{"line":229,"column":64},"end":{"line":229,"column":74}},"46":{"start":{"line":230,"column":32},"end":{"line":230,"column":49}},"47":{"start":{"line":231,"column":4},"end":{"line":231,"column":41}},"48":{"start":{"line":232,"column":4},"end":{"line":232,"column":44}},"49":{"start":{"line":233,"column":26},"end":{"line":233,"column":31}},"50":{"start":{"line":234,"column":4},"end":{"line":237,"column":5}},"51":{"start":{"line":235,"column":6},"end":{"line":235,"column":20}},"52":{"start":{"line":236,"column":6},"end":{"line":236,"column":37}},"53":{"start":{"line":238,"column":4},"end":{"line":241,"column":5}},"54":{"start":{"line":239,"column":6},"end":{"line":239,"column":20}},"55":{"start":{"line":240,"column":6},"end":{"line":240,"column":36}},"56":{"start":{"line":242,"column":4},"end":{"line":245,"column":5}},"57":{"start":{"line":243,"column":6},"end":{"line":243,"column":20}},"58":{"start":{"line":244,"column":6},"end":{"line":244,"column":37}},"59":{"start":{"line":246,"column":4},"end":{"line":249,"column":5}},"60":{"start":{"line":247,"column":6},"end":{"line":247,"column":20}},"61":{"start":{"line":248,"column":6},"end":{"line":248,"column":46}},"62":{"start":{"line":250,"column":4},"end":{"line":253,"column":5}},"63":{"start":{"line":251,"column":6},"end":{"line":251,"column":20}},"64":{"start":{"line":252,"column":6},"end":{"line":252,"column":40}},"65":{"start":{"line":254,"column":4},"end":{"line":257,"column":5}},"66":{"start":{"line":255,"column":6},"end":{"line":255,"column":20}},"67":{"start":{"line":256,"column":6},"end":{"line":256,"column":41}},"68":{"start":{"line":258,"column":4},"end":{"line":258,"column":31}},"69":{"start":{"line":259,"column":4},"end":{"line":262,"column":6}},"70":{"start":{"line":268,"column":15},"end":{"line":272,"column":2}}},"fnMap":{"0":{"name":"(anonymous_0)","decl":{"start":{"line":58,"column":2},"end":{"line":58,"column":3}},"loc":{"start":{"line":58,"column":31},"end":{"line":158,"column":3}},"line":58},"1":{"name":"(anonymous_1)","decl":{"start":{"line":69,"column":25},"end":{"line":69,"column":26}},"loc":{"start":{"line":69,"column":44},"end":{"line":69,"column":77}},"line":69},"2":{"name":"(anonymous_2)","decl":{"start":{"line":70,"column":24},"end":{"line":70,"column":25}},"loc":{"start":{"line":70,"column":43},"end":{"line":70,"column":75}},"line":70},"3":{"name":"(anonymous_3)","decl":{"start":{"line":71,"column":25},"end":{"line":71,"column":26}},"loc":{"start":{"line":71,"column":44},"end":{"line":71,"column":77}},"line":71},"4":{"name":"(anonymous_4)","decl":{"start":{"line":72,"column":29},"end":{"line":72,"column":30}},"loc":{"start":{"line":73,"column":6},"end":{"line":73,"column":43}},"line":73},"5":{"name":"(anonymous_5)","decl":{"start":{"line":74,"column":34},"end":{"line":74,"column":35}},"loc":{"start":{"line":75,"column":6},"end":{"line":75,"column":48}},"line":75},"6":{"name":"(anonymous_6)","decl":{"start":{"line":76,"column":28},"end":{"line":76,"column":29}},"loc":{"start":{"line":77,"column":6},"end":{"line":77,"column":46}},"line":77},"7":{"name":"(anonymous_7)","decl":{"start":{"line":160,"column":18},"end":{"line":160,"column":19}},"loc":{"start":{"line":160,"column":73},"end":{"line":174,"column":3}},"line":160},"8":{"name":"(anonymous_8)","decl":{"start":{"line":176,"column":18},"end":{"line":176,"column":19}},"loc":{"start":{"line":176,"column":30},"end":{"line":210,"column":3}},"line":176},"9":{"name":"(anonymous_9)","decl":{"start":{"line":185,"column":15},"end":{"line":185,"column":16}},"loc":{"start":{"line":185,"column":27},"end":{"line":208,"column":5}},"line":185},"10":{"name":"(anonymous_10)","decl":{"start":{"line":212,"column":17},"end":{"line":212,"column":18}},"loc":{"start":{"line":212,"column":23},"end":{"line":221,"column":3}},"line":212},"11":{"name":"(anonymous_11)","decl":{"start":{"line":223,"column":18},"end":{"line":223,"column":19}},"loc":{"start":{"line":223,"column":24},"end":{"line":226,"column":3}},"line":223},"12":{"name":"(anonymous_12)","decl":{"start":{"line":228,"column":16},"end":{"line":228,"column":17}},"loc":{"start":{"line":228,"column":39},"end":{"line":263,"column":3}},"line":228}},"branchMap":{"0":{"loc":{"start":{"line":142,"column":14},"end":{"line":142,"column":62}},"type":"cond-expr","locations":[{"start":{"line":142,"column":35},"end":{"line":142,"column":57}},{"start":{"line":142,"column":60},"end":{"line":142,"column":62}}],"line":142},"1":{"loc":{"start":{"line":162,"column":4},"end":{"line":164,"column":5}},"type":"if","locations":[{"start":{"line":162,"column":4},"end":{"line":164,"column":5}},{"start":{"line":162,"column":4},"end":{"line":164,"column":5}}],"line":162},"2":{"loc":{"start":{"line":162,"column":8},"end":{"line":162,"column":39}},"type":"binary-expr","locations":[{"start":{"line":162,"column":8},"end":{"line":162,"column":14}},{"start":{"line":162,"column":18},"end":{"line":162,"column":39}}],"line":162},"3":{"loc":{"start":{"line":179,"column":4},"end":{"line":182,"column":5}},"type":"if","locations":[{"start":{"line":179,"column":4},"end":{"line":182,"column":5}},{"start":{"line":179,"column":4},"end":{"line":182,"column":5}}],"line":179},"4":{"loc":{"start":{"line":199,"column":6},"end":{"line":204,"column":7}},"type":"if","locations":[{"start":{"line":199,"column":6},"end":{"line":204,"column":7}},{"start":{"line":199,"column":6},"end":{"line":204,"column":7}}],"line":199},"5":{"loc":{"start":{"line":234,"column":4},"end":{"line":237,"column":5}},"type":"if","locations":[{"start":{"line":234,"column":4},"end":{"line":237,"column":5}},{"start":{"line":234,"column":4},"end":{"line":237,"column":5}}],"line":234},"6":{"loc":{"start":{"line":238,"column":4},"end":{"line":241,"column":5}},"type":"if","locations":[{"start":{"line":238,"column":4},"end":{"line":241,"column":5}},{"start":{"line":238,"column":4},"end":{"line":241,"column":5}}],"line":238},"7":{"loc":{"start":{"line":242,"column":4},"end":{"line":245,"column":5}},"type":"if","locations":[{"start":{"line":242,"column":4},"end":{"line":245,"column":5}},{"start":{"line":242,"column":4},"end":{"line":245,"column":5}}],"line":242},"8":{"loc":{"start":{"line":246,"column":4},"end":{"line":249,"column":5}},"type":"if","locations":[{"start":{"line":246,"column":4},"end":{"line":249,"column":5}},{"start":{"line":246,"column":4},"end":{"line":249,"column":5}}],"line":246},"9":{"loc":{"start":{"line":250,"column":4},"end":{"line":253,"column":5}},"type":"if","locations":[{"start":{"line":250,"column":4},"end":{"line":253,"column":5}},{"start":{"line":250,"column":4},"end":{"line":253,"column":5}}],"line":250},"10":{"loc":{"start":{"line":254,"column":4},"end":{"line":257,"column":5}},"type":"if","locations":[{"start":{"line":254,"column":4},"end":{"line":257,"column":5}},{"start":{"line":254,"column":4},"end":{"line":257,"column":5}}],"line":254}},"s":{"0":1,"1":2,"2":2,"3":2,"4":0,"5":2,"6":0,"7":2,"8":0,"9":2,"10":0,"11":2,"12":0,"13":2,"14":0,"15":2,"16":2,"17":0,"18":0,"19":0,"20":0,"21":2,"22":0,"23":0,"24":0,"25":0,"26":0,"27":0,"28":0,"29":0,"30":0,"31":0,"32":0,"33":0,"34":0,"35":0,"36":0,"37":0,"38":0,"39":2,"40":0,"41":2,"42":0,"43":0,"44":2,"45":0,"46":0,"47":0,"48":0,"49":0,"50":0,"51":0,"52":0,"53":0,"54":0,"55":0,"56":0,"57":0,"58":0,"59":0,"60":0,"61":0,"62":0,"63":0,"64":0,"65":0,"66":0,"67":0,"68":0,"69":0,"70":1},"f":{"0":2,"1":0,"2":0,"3":0,"4":0,"5":0,"6":0,"7":0,"8":0,"9":0,"10":0,"11":0,"12":0},"b":{"0":[0,2],"1":[0,0],"2":[0,0],"3":[0,0],"4":[0,0],"5":[0,0],"6":[0,0],"7":[0,0],"8":[0,0],"9":[0,0],"10":[0,0]},"_coverageSchema":"43e27e138ebf9cfc5966b082cf9a028302ed4184","hash":"98e465f435b5122debd312f7a78cdadbf845c92c"}
,"/Users/krishna/Krishna/POC/RSVP/src/screens/HomeScreen.tsx": {"path":"/Users/krishna/Krishna/POC/RSVP/src/screens/HomeScreen.tsx","statementMap":{"0":{"start":{"line":11,"column":17},"end":{"line":11,"column":27}},"1":{"start":{"line":28,"column":17},"end":{"line":33,"column":3}},"2":{"start":{"line":36,"column":4},"end":{"line":36,"column":31}},"3":{"start":{"line":40,"column":39},"end":{"line":40,"column":49}},"4":{"start":{"line":41,"column":4},"end":{"line":59,"column":6}},"5":{"start":{"line":62,"column":26},"end":{"line":75,"column":3}},"6":{"start":{"line":63,"column":22},"end":{"line":65,"column":5}},"7":{"start":{"line":66,"column":24},"end":{"line":66,"column":26}},"8":{"start":{"line":67,"column":4},"end":{"line":69,"column":5}},"9":{"start":{"line":68,"column":6},"end":{"line":68,"column":42}},"10":{"start":{"line":70,"column":4},"end":{"line":70,"column":27}},"11":{"start":{"line":71,"column":4},"end":{"line":71,"column":35}},"12":{"start":{"line":72,"column":4},"end":{"line":74,"column":13}},"13":{"start":{"line":73,"column":6},"end":{"line":73,"column":64}},"14":{"start":{"line":77,"column":35},"end":{"line":79,"column":3}},"15":{"start":{"line":78,"column":4},"end":{"line":78,"column":72}},"16":{"start":{"line":81,"column":32},"end":{"line":95,"column":3}},"17":{"start":{"line":82,"column":4},"end":{"line":82,"column":38}},"18":{"start":{"line":83,"column":15},"end":{"line":83,"column":38}},"19":{"start":{"line":84,"column":4},"end":{"line":93,"column":5}},"20":{"start":{"line":85,"column":23},"end":{"line":87,"column":8}},"21":{"start":{"line":86,"column":8},"end":{"line":86,"column":41}},"22":{"start":{"line":88,"column":27},"end":{"line":90,"column":8}},"23":{"start":{"line":89,"column":8},"end":{"line":89,"column":45}},"24":{"start":{"line":92,"column":6},"end":{"line":92,"column":43}},"25":{"start":{"line":94,"column":4},"end":{"line":94,"column":26}},"26":{"start":{"line":100,"column":15},"end":{"line":107,"column":2}}},"fnMap":{"0":{"name":"(anonymous_0)","decl":{"start":{"line":35,"column":2},"end":{"line":35,"column":3}},"loc":{"start":{"line":35,"column":43},"end":{"line":37,"column":3}},"line":35},"1":{"name":"(anonymous_1)","decl":{"start":{"line":39,"column":2},"end":{"line":39,"column":3}},"loc":{"start":{"line":39,"column":31},"end":{"line":60,"column":3}},"line":39},"2":{"name":"(anonymous_2)","decl":{"start":{"line":62,"column":26},"end":{"line":62,"column":27}},"loc":{"start":{"line":62,"column":38},"end":{"line":75,"column":3}},"line":62},"3":{"name":"(anonymous_3)","decl":{"start":{"line":72,"column":15},"end":{"line":72,"column":16}},"loc":{"start":{"line":72,"column":21},"end":{"line":74,"column":5}},"line":72},"4":{"name":"(anonymous_4)","decl":{"start":{"line":77,"column":35},"end":{"line":77,"column":36}},"loc":{"start":{"line":77,"column":50},"end":{"line":79,"column":3}},"line":77},"5":{"name":"(anonymous_5)","decl":{"start":{"line":81,"column":32},"end":{"line":81,"column":33}},"loc":{"start":{"line":81,"column":51},"end":{"line":95,"column":3}},"line":81},"6":{"name":"(anonymous_6)","decl":{"start":{"line":85,"column":40},"end":{"line":85,"column":41}},"loc":{"start":{"line":85,"column":55},"end":{"line":87,"column":7}},"line":85},"7":{"name":"(anonymous_7)","decl":{"start":{"line":88,"column":44},"end":{"line":88,"column":45}},"loc":{"start":{"line":88,"column":59},"end":{"line":90,"column":7}},"line":88}},"branchMap":{"0":{"loc":{"start":{"line":67,"column":4},"end":{"line":69,"column":5}},"type":"if","locations":[{"start":{"line":67,"column":4},"end":{"line":69,"column":5}},{"start":{"line":67,"column":4},"end":{"line":69,"column":5}}],"line":67},"1":{"loc":{"start":{"line":84,"column":4},"end":{"line":93,"column":5}},"type":"if","locations":[{"start":{"line":84,"column":4},"end":{"line":93,"column":5}},{"start":{"line":84,"column":4},"end":{"line":93,"column":5}}],"line":84}},"s":{"0":1,"1":2,"2":2,"3":2,"4":2,"5":2,"6":2,"7":0,"8":0,"9":0,"10":0,"11":0,"12":0,"13":0,"14":2,"15":0,"16":2,"17":0,"18":0,"19":0,"20":0,"21":0,"22":0,"23":0,"24":0,"25":0,"26":1},"f":{"0":2,"1":2,"2":2,"3":0,"4":0,"5":0,"6":0,"7":0},"b":{"0":[0,0],"1":[0,0]},"_coverageSchema":"43e27e138ebf9cfc5966b082cf9a028302ed4184","hash":"b4d934eec6de45f6b1eaee5bd7d7e9b8c7a5d246"}
,"/Users/krishna/Krishna/POC/RSVP/src/screens/ParticipantDetailsScreen.tsx": {"path":"/Users/krishna/Krishna/POC/RSVP/src/screens/ParticipantDetailsScreen.tsx","statementMap":{"0":{"start":{"line":17,"column":19},"end":{"line":17,"column":42}},"1":{"start":{"line":18,"column":4},"end":{"line":31,"column":6}},"2":{"start":{"line":34,"column":27},"end":{"line":49,"column":3}},"3":{"start":{"line":36,"column":6},"end":{"line":36,"column":67}},"4":{"start":{"line":38,"column":6},"end":{"line":38,"column":67}},"5":{"start":{"line":39,"column":4},"end":{"line":48,"column":6}},"6":{"start":{"line":54,"column":15},"end":{"line":70,"column":2}}},"fnMap":{"0":{"name":"(anonymous_0)","decl":{"start":{"line":15,"column":2},"end":{"line":15,"column":3}},"loc":{"start":{"line":15,"column":28},"end":{"line":32,"column":3}},"line":15},"1":{"name":"(anonymous_1)","decl":{"start":{"line":34,"column":27},"end":{"line":34,"column":28}},"loc":{"start":{"line":34,"column":76},"end":{"line":49,"column":3}},"line":34}},"branchMap":{"0":{"loc":{"start":{"line":36,"column":6},"end":{"line":36,"column":67}},"type":"cond-expr","locations":[{"start":{"line":36,"column":24},"end":{"line":36,"column":46}},{"start":{"line":36,"column":49},"end":{"line":36,"column":67}}],"line":36},"1":{"loc":{"start":{"line":38,"column":6},"end":{"line":38,"column":67}},"type":"cond-expr","locations":[{"start":{"line":38,"column":24},"end":{"line":38,"column":42}},{"start":{"line":38,"column":45},"end":{"line":38,"column":67}}],"line":38}},"s":{"0":2,"1":2,"2":2,"3":12,"4":12,"5":12,"6":1},"f":{"0":2,"1":12},"b":{"0":[6,6],"1":[6,6]},"_coverageSchema":"43e27e138ebf9cfc5966b082cf9a028302ed4184","hash":"5c72cfc02702fe43c63c5f21b146b78d431b8ee2"}
,"/Users/krishna/Krishna/POC/RSVP/src/theme/Colors.ts": {"path":"/Users/krishna/Krishna/POC/RSVP/src/theme/Colors.ts","statementMap":{"0":{"start":{"line":1,"column":21},"end":{"line":9,"column":1}},"1":{"start":{"line":11,"column":18},"end":{"line":18,"column":1}}},"fnMap":{},"branchMap":{},"s":{"0":8,"1":8},"f":{},"b":{},"_coverageSchema":"43e27e138ebf9cfc5966b082cf9a028302ed4184","hash":"18e5fdf9f0dbc39f1c49b640113681d7fea6a3ee"}
,"/Users/krishna/Krishna/POC/RSVP/src/theme/Fonts.ts": {"path":"/Users/krishna/Krishna/POC/RSVP/src/theme/Fonts.ts","statementMap":{"0":{"start":{"line":1,"column":13},"end":{"line":9,"column":1}},"1":{"start":{"line":11,"column":13},"end":{"line":15,"column":1}}},"fnMap":{},"branchMap":{},"s":{"0":8,"1":8},"f":{},"b":{},"_coverageSchema":"43e27e138ebf9cfc5966b082cf9a028302ed4184","hash":"17871f8b2c6f768422490afb0c3ba7a24c0c4a33"}
,"/Users/krishna/Krishna/POC/RSVP/src/theme/Viewport.ts": {"path":"/Users/krishna/Krishna/POC/RSVP/src/theme/Viewport.ts","statementMap":{"0":{"start":{"line":3,"column":22},"end":{"line":3,"column":53}},"1":{"start":{"line":4,"column":21},"end":{"line":4,"column":51}},"2":{"start":{"line":6,"column":24},"end":{"line":9,"column":1}}},"fnMap":{},"branchMap":{},"s":{"0":8,"1":8,"2":8},"f":{},"b":{},"_coverageSchema":"43e27e138ebf9cfc5966b082cf9a028302ed4184","hash":"05e0bb92fa22ddd0cb37666035ef243b5d4a6631"}
,"/Users/krishna/Krishna/POC/RSVP/src/theme/index.ts": {"path":"/Users/krishna/Krishna/POC/RSVP/src/theme/index.ts","statementMap":{"0":{"start":{"line":5,"column":14},"end":{"line":9,"column":1}}},"fnMap":{},"branchMap":{},"s":{"0":8},"f":{},"b":{},"_coverageSchema":"43e27e138ebf9cfc5966b082cf9a028302ed4184","hash":"10a94af2088232608c672ba3cdd85fb5d76650d1"}
,"/Users/krishna/Krishna/POC/RSVP/src/utils/LocalStorage.ts": {"path":"/Users/krishna/Krishna/POC/RSVP/src/utils/LocalStorage.ts","statementMap":{"0":{"start":{"line":4,"column":15},"end":{"line":11,"column":3}},"1":{"start":{"line":5,"column":33},"end":{"line":5,"column":64}},"2":{"start":{"line":6,"column":4},"end":{"line":8,"column":5}},"3":{"start":{"line":7,"column":6},"end":{"line":7,"column":18}},"4":{"start":{"line":10,"column":4},"end":{"line":10,"column":34}},"5":{"start":{"line":13,"column":15},"end":{"line":15,"column":3}},"6":{"start":{"line":14,"column":4},"end":{"line":14,"column":58}},"7":{"start":{"line":17,"column":18},"end":{"line":19,"column":3}},"8":{"start":{"line":18,"column":4},"end":{"line":18,"column":39}},"9":{"start":{"line":21,"column":17},"end":{"line":23,"column":3}},"10":{"start":{"line":22,"column":4},"end":{"line":22,"column":31}},"11":{"start":{"line":25,"column":17},"end":{"line":27,"column":3}},"12":{"start":{"line":29,"column":25},"end":{"line":31,"column":3}},"13":{"start":{"line":34,"column":32},"end":{"line":36,"column":1}},"14":{"start":{"line":40,"column":21},"end":{"line":40,"column":39}}},"fnMap":{"0":{"name":"(anonymous_0)","decl":{"start":{"line":4,"column":15},"end":{"line":4,"column":16}},"loc":{"start":{"line":4,"column":60},"end":{"line":11,"column":3}},"line":4},"1":{"name":"(anonymous_1)","decl":{"start":{"line":13,"column":15},"end":{"line":13,"column":16}},"loc":{"start":{"line":13,"column":65},"end":{"line":15,"column":3}},"line":13},"2":{"name":"(anonymous_2)","decl":{"start":{"line":17,"column":18},"end":{"line":17,"column":19}},"loc":{"start":{"line":17,"column":56},"end":{"line":19,"column":3}},"line":17},"3":{"name":"(anonymous_3)","decl":{"start":{"line":21,"column":17},"end":{"line":21,"column":18}},"loc":{"start":{"line":21,"column":44},"end":{"line":23,"column":3}},"line":21},"4":{"name":"(anonymous_4)","decl":{"start":{"line":25,"column":17},"end":{"line":25,"column":18}},"loc":{"start":{"line":25,"column":44},"end":{"line":27,"column":3}},"line":25},"5":{"name":"(anonymous_5)","decl":{"start":{"line":29,"column":25},"end":{"line":29,"column":26}},"loc":{"start":{"line":29,"column":52},"end":{"line":31,"column":3}},"line":29}},"branchMap":{"0":{"loc":{"start":{"line":6,"column":4},"end":{"line":8,"column":5}},"type":"if","locations":[{"start":{"line":6,"column":4},"end":{"line":8,"column":5}},{"start":{"line":6,"column":4},"end":{"line":8,"column":5}}],"line":6}},"s":{"0":3,"1":14,"2":12,"3":5,"4":7,"5":3,"6":8,"7":3,"8":2,"9":3,"10":1,"11":3,"12":3,"13":3,"14":3},"f":{"0":14,"1":8,"2":2,"3":1,"4":0,"5":0},"b":{"0":[5,7]},"_coverageSchema":"43e27e138ebf9cfc5966b082cf9a028302ed4184","hash":"1c212407ee94f75b8b6e63c555ce1abd3b340a9b"}
}
