TN:
SF:/Users/krishna/Krishna/POC/RSVP/src/components/LoadingSpinner.tsx
FN:23,(anonymous_0)
FN:27,(anonymous_1)
FNF:2
FNH:2
FNDA:2,(anonymous_0)
FNDA:2,(anonymous_1)
DA:18,2
DA:24,2
DA:28,2
DA:29,2
DA:30,2
DA:33,0
DA:53,2
LF:7
LH:6
BRDA:29,0,0,2
BRDA:29,0,1,0
BRDA:39,1,0,0
BRDA:39,1,1,0
BRDA:41,2,0,0
BRDA:41,2,1,0
BRDA:75,3,0,0
BRDA:75,3,1,2
BRF:8
BRH:2
end_of_record
TN:
SF:/Users/krishna/Krishna/POC/RSVP/src/components/ParticipantList.tsx
FN:13,(anonymous_0)
FN:17,(anonymous_1)
FN:31,(anonymous_2)
FN:33,(anonymous_3)
FN:46,(anonymous_4)
FN:48,(anonymous_5)
FNF:6
FNH:2
FNDA:2,(anonymous_0)
FNDA:2,(anonymous_1)
FNDA:0,(anonymous_2)
FNDA:0,(anonymous_3)
FNDA:0,(anonymous_4)
FNDA:0,(anonymous_5)
DA:14,2
DA:18,2
DA:19,2
DA:31,2
DA:32,0
DA:33,0
DA:34,0
DA:46,2
DA:48,2
DA:49,0
LF:10
LH:6
BRF:0
BRH:0
end_of_record
TN:
SF:/Users/krishna/Krishna/POC/RSVP/src/components/SearchBar.tsx
FN:11,(anonymous_0)
FNF:1
FNH:1
FNDA:2,(anonymous_0)
DA:12,2
DA:13,2
LF:2
LH:2
BRF:0
BRH:0
end_of_record
TN:
SF:/Users/krishna/Krishna/POC/RSVP/src/components/TextInput.tsx
FN:17,(anonymous_0)
FNF:1
FNH:1
FNDA:8,(anonymous_0)
DA:18,8
DA:19,8
DA:33,4
LF:3
LH:3
BRDA:21,0,0,8
BRDA:21,0,1,5
BRDA:21,0,2,5
BRDA:23,1,0,0
BRDA:23,1,1,8
BRDA:23,2,0,8
BRDA:23,2,1,0
BRF:7
BRH:5
end_of_record
TN:
SF:/Users/krishna/Krishna/POC/RSVP/src/components/listItem/ParticipantListItem.tsx
FN:16,(anonymous_0)
FNF:1
FNH:1
FNDA:1,(anonymous_0)
DA:17,1
DA:18,1
DA:49,3
LF:3
LH:3
BRDA:25,0,0,1
BRDA:25,0,1,0
BRF:2
BRH:1
end_of_record
TN:
SF:/Users/krishna/Krishna/POC/RSVP/src/screens/AddParticipantScreen.tsx
FN:58,(anonymous_0)
FN:69,(anonymous_1)
FN:70,(anonymous_2)
FN:71,(anonymous_3)
FN:72,(anonymous_4)
FN:74,(anonymous_5)
FN:76,(anonymous_6)
FN:160,(anonymous_7)
FN:176,(anonymous_8)
FN:185,(anonymous_9)
FN:212,(anonymous_10)
FN:223,(anonymous_11)
FN:228,(anonymous_12)
FNF:13
FNH:1
FNDA:2,(anonymous_0)
FNDA:0,(anonymous_1)
FNDA:0,(anonymous_2)
FNDA:0,(anonymous_3)
FNDA:0,(anonymous_4)
FNDA:0,(anonymous_5)
FNDA:0,(anonymous_6)
FNDA:0,(anonymous_7)
FNDA:0,(anonymous_8)
FNDA:0,(anonymous_9)
FNDA:0,(anonymous_10)
FNDA:0,(anonymous_11)
FNDA:0,(anonymous_12)
DA:34,1
DA:47,2
DA:68,2
DA:69,2
DA:70,2
DA:71,2
DA:72,2
DA:73,0
DA:74,2
DA:75,0
DA:76,2
DA:77,0
DA:78,2
DA:160,2
DA:161,0
DA:162,0
DA:163,0
DA:167,0
DA:176,2
DA:177,0
DA:178,0
DA:179,0
DA:180,0
DA:181,0
DA:183,0
DA:185,0
DA:186,0
DA:195,0
DA:196,0
DA:199,0
DA:200,0
DA:201,0
DA:203,0
DA:205,0
DA:206,0
DA:207,0
DA:212,2
DA:213,0
DA:223,2
DA:224,0
DA:225,0
DA:228,2
DA:229,0
DA:230,0
DA:231,0
DA:232,0
DA:233,0
DA:234,0
DA:235,0
DA:236,0
DA:238,0
DA:239,0
DA:240,0
DA:242,0
DA:243,0
DA:244,0
DA:246,0
DA:247,0
DA:248,0
DA:250,0
DA:251,0
DA:252,0
DA:254,0
DA:255,0
DA:256,0
DA:258,0
DA:259,0
DA:268,1
LF:68
LH:16
BRDA:142,0,0,0
BRDA:142,0,1,2
BRDA:162,1,0,0
BRDA:162,1,1,0
BRDA:162,2,0,0
BRDA:162,2,1,0
BRDA:179,3,0,0
BRDA:179,3,1,0
BRDA:199,4,0,0
BRDA:199,4,1,0
BRDA:234,5,0,0
BRDA:234,5,1,0
BRDA:238,6,0,0
BRDA:238,6,1,0
BRDA:242,7,0,0
BRDA:242,7,1,0
BRDA:246,8,0,0
BRDA:246,8,1,0
BRDA:250,9,0,0
BRDA:250,9,1,0
BRDA:254,10,0,0
BRDA:254,10,1,0
BRF:22
BRH:1
end_of_record
TN:
SF:/Users/krishna/Krishna/POC/RSVP/src/screens/HomeScreen.tsx
FN:35,(anonymous_0)
FN:39,(anonymous_1)
FN:62,(anonymous_2)
FN:72,(anonymous_3)
FN:77,(anonymous_4)
FN:81,(anonymous_5)
FN:85,(anonymous_6)
FN:88,(anonymous_7)
FNF:8
FNH:3
FNDA:2,(anonymous_0)
FNDA:2,(anonymous_1)
FNDA:2,(anonymous_2)
FNDA:0,(anonymous_3)
FNDA:0,(anonymous_4)
FNDA:0,(anonymous_5)
FNDA:0,(anonymous_6)
FNDA:0,(anonymous_7)
DA:11,1
DA:28,2
DA:36,2
DA:40,2
DA:41,2
DA:62,2
DA:63,2
DA:66,0
DA:67,0
DA:68,0
DA:70,0
DA:71,0
DA:72,0
DA:73,0
DA:77,2
DA:78,0
DA:81,2
DA:82,0
DA:83,0
DA:84,0
DA:85,0
DA:86,0
DA:88,0
DA:89,0
DA:92,0
DA:94,0
DA:100,1
LF:27
LH:10
BRDA:67,0,0,0
BRDA:67,0,1,0
BRDA:84,1,0,0
BRDA:84,1,1,0
BRF:4
BRH:0
end_of_record
TN:
SF:/Users/krishna/Krishna/POC/RSVP/src/screens/ParticipantDetailsScreen.tsx
FN:15,(anonymous_0)
FN:34,(anonymous_1)
FNF:2
FNH:2
FNDA:2,(anonymous_0)
FNDA:12,(anonymous_1)
DA:17,2
DA:18,2
DA:34,2
DA:36,12
DA:38,12
DA:39,12
DA:54,1
LF:7
LH:7
BRDA:36,0,0,6
BRDA:36,0,1,6
BRDA:38,1,0,6
BRDA:38,1,1,6
BRF:4
BRH:4
end_of_record
TN:
SF:/Users/krishna/Krishna/POC/RSVP/src/theme/Colors.ts
FNF:0
FNH:0
DA:1,8
DA:11,8
LF:2
LH:2
BRF:0
BRH:0
end_of_record
TN:
SF:/Users/krishna/Krishna/POC/RSVP/src/theme/Fonts.ts
FNF:0
FNH:0
DA:1,8
DA:11,8
LF:2
LH:2
BRF:0
BRH:0
end_of_record
TN:
SF:/Users/krishna/Krishna/POC/RSVP/src/theme/Viewport.ts
FNF:0
FNH:0
DA:3,8
DA:4,8
DA:6,8
LF:3
LH:3
BRF:0
BRH:0
end_of_record
TN:
SF:/Users/krishna/Krishna/POC/RSVP/src/theme/index.ts
FNF:0
FNH:0
DA:5,8
LF:1
LH:1
BRF:0
BRH:0
end_of_record
TN:
SF:/Users/krishna/Krishna/POC/RSVP/src/utils/LocalStorage.ts
FN:4,(anonymous_0)
FN:13,(anonymous_1)
FN:17,(anonymous_2)
FN:21,(anonymous_3)
FN:25,(anonymous_4)
FN:29,(anonymous_5)
FNF:6
FNH:4
FNDA:14,(anonymous_0)
FNDA:8,(anonymous_1)
FNDA:2,(anonymous_2)
FNDA:1,(anonymous_3)
FNDA:0,(anonymous_4)
FNDA:0,(anonymous_5)
DA:4,3
DA:5,14
DA:6,12
DA:7,5
DA:10,7
DA:13,3
DA:14,8
DA:17,3
DA:18,2
DA:21,3
DA:22,1
DA:25,3
DA:29,3
DA:34,3
DA:40,3
LF:15
LH:15
BRDA:6,0,0,5
BRDA:6,0,1,7
BRF:2
BRH:2
end_of_record
